<?xml version="1.0" encoding="UTF-8"?>
<!-- Generated by org.testng.reporters.JUnitXMLReporter -->
<testsuite ignored="2" hostname="LAPTOP-QD4098HC" failures="0" tests="7" name="Surefire test" time="70.56" errors="0" timestamp="2021-04-27T18:43:29 IST">
  <testcase classname="interview.Testone" name="checkboxTest" time="1.332"/>
  <testcase classname="interview.Testone" name="dropDownTest" time="1.082"/>
  <testcase classname="interview.Testone" name="firstTest" time="0.498"/>
  <testcase classname="interview.Testthree" name="autoDropdownTest" time="1.893"/>
  <testcase classname="interview.Testtwo" name="alertTest" time="2.44"/>
  <testcase classname="interview.Testtwo" name="windowSwitchTest" time="6.681"/>
  <testcase classname="interview.Testtwo" name="windowTabTest" time="17.71"/>
  <testcase classname="interview.Testthree" name="mouseHoverTest" time="0.0">
    <ignored/>
  </testcase> <!-- mouseHoverTest -->
  <testcase classname="interview.Testthree" name="frameTest" time="0.0">
    <ignored/>
  </testcase> <!-- frameTest -->
</testsuite> <!-- Surefire test -->
