<?xml version="1.0" encoding="UTF-8"?>
<testsuite xmlns:xsi="http://www.w3.org/2001/XMLSchema-instance" xsi:noNamespaceSchemaLocation="https://maven.apache.org/surefire/maven-surefire-plugin/xsd/surefire-test-report.xsd" name="TestSuite" time="72.499" tests="7" errors="0" skipped="0" failures="0">
  <properties>
[...]
</properties>
  <testcase name="checkboxTest" classname="interview.Testone" time="1.34"/>
  <testcase name="dropDownTest" classname="interview.Testone" time="1.08"/>
  <testcase name="firstTest" classname="interview.Testone" time="0.5"/>
  <testcase name="autoDropdownTest" classname="interview.Testthree" time="1.982"/>
  <testcase name="alertTest" classname="interview.Testtwo" time="2.553"/>
  <testcase name="windowSwitchTest" classname="interview.Testtwo" time="6.597"/>
  <testcase name="windowTabTest" classname="interview.Testtwo" time="17.789"/>
</testsuite>