<?xml version="1.0" encoding="UTF-8"?>
<testng-results ignored="0" total="1" passed="1" failed="0" skipped="0">
  <reporter-output>
  </reporter-output>
  <suite started-at="2021-04-29T22:39:26 IST" name="Default suite" finished-at="2021-04-29T22:39:46 IST" duration-ms="19653">
    <groups>
    </groups>
    <test started-at="2021-04-29T22:39:26 IST" name="Default test" finished-at="2021-04-29T22:39:46 IST" duration-ms="19653">
      <class name="interview.Testfour">
        <test-method is-config="true" signature="browseropen()[pri:0, instance:interview.Testfour@6b26e945]" started-at="2021-04-29T22:39:27 IST" name="browseropen" finished-at="2021-04-29T22:39:39 IST" duration-ms="12121" status="PASS">
          <reporter-output>
          </reporter-output>
        </test-method> <!-- browseropen -->
        <test-method signature="mouseHoverTest()[pri:0, instance:interview.Testfour@6b26e945]" started-at="2021-04-29T22:39:39 IST" name="mouseHoverTest" finished-at="2021-04-29T22:39:45 IST" duration-ms="6348" status="PASS">
          <reporter-output>
          </reporter-output>
        </test-method> <!-- mouseHoverTest -->
        <test-method is-config="true" signature="browserClose()[pri:0, instance:interview.Testfour@6b26e945]" started-at="2021-04-29T22:39:45 IST" name="browserClose" finished-at="2021-04-29T22:39:46 IST" duration-ms="1052" status="PASS">
          <reporter-output>
          </reporter-output>
        </test-method> <!-- browserClose -->
      </class> <!-- interview.Testfour -->
    </test> <!-- Default test -->
  </suite> <!-- Default suite -->
</testng-results>
